<?xml version="1.0" encoding="UTF-8"?>
<!-- Generated by org.testng.reporters.JUnitReportReporter -->
<testsuite hostname="GURLPG02P17R" failures="0" tests="1" name="e2eCreateGetUpdateDelete.AddPlacePOST" time="4.162" errors="0" timestamp="2024-09-19T15:41:37 IST" skipped="0">
  <testcase classname="e2eCreateGetUpdateDelete.AddPlacePOST" name="add_Place" time="4.162"/>
  <system-out/>
</testsuite> <!-- e2eCreateGetUpdateDelete.AddPlacePOST -->
