<?xml version="1.0" encoding="UTF-8"?>
<!-- Generated by org.testng.reporters.JUnitReportReporter -->
<testsuite hostname="GURLPG02P17R" failures="0" tests="1" name="e2eCreateGetUpdateDelete.PutAPI" time="0.244" errors="0" timestamp="2024-09-18T13:49:31 IST" skipped="0">
  <testcase classname="e2eCreateGetUpdateDelete.PutAPI" name="putPlace" time="0.244"/>
  <system-out/>
</testsuite> <!-- e2eCreateGetUpdateDelete.PutAPI -->
