<?xml version="1.0" encoding="UTF-8"?>
<!-- Generated by org.testng.reporters.JUnitReportReporter -->
<testsuite hostname="GURLPG02P17R" failures="0" tests="1" name="e2eCreateGetUpdateDelete.GetPlaceAPI" time="1.354" errors="0" timestamp="2024-09-18T13:49:31 IST" skipped="0">
  <testcase classname="e2eCreateGetUpdateDelete.GetPlaceAPI" name="get_Place" time="1.354"/>
  <system-out/>
</testsuite> <!-- e2eCreateGetUpdateDelete.GetPlaceAPI -->
